[+] Containers:
 |- [+] Container: /Game/ThirdPerson/Maps/ThirdPersonMap
 |   |- [+] ActorDescs:
 |   |   |- Guid:0CA9D1EE4D5991923086BD8673917359 BaseClass:/Game/BlueprintActors/InteractibleObjects/Sequencer/BP_SequencerInteraction_Key.BP_SequencerInteraction_Key_C NativeClass:/Script/Engine.Actor Name:BP_SequencerInteraction_Key_C_UAID_84144DF76A10106801_1447938800 Label:BP_SequencerInteraction_Key SpatiallyLoaded:1 Bounds:IsValid=true, Min=(X=876.984 Y=130.318 Z=-8.797), Max=(X=1036.984 Y=310.318 Z=151.203) RuntimeGrid:None EditorOnly:0 RuntimeOnly:0 HLODRelevant:0
 |   |   |- Guid:0FC8CE8F43680D37B02E538325746B93 BaseClass:/Game/BlueprintActors/CameraManager/CameraChilds/BP_CameraInspection.BP_CameraInspection_C NativeClass:/Script/Engine.Pawn Name:BP_CameraInspection_C_UAID_84144DF76A10256801_1518121500 Label:BP_CameraInspection4 SpatiallyLoaded:1 Bounds:IsValid=true, Min=(X=951.702 Y=276.070 Z=149.095), Max=(X=951.702 Y=276.070 Z=149.095) RuntimeGrid:None EditorOnly:0 RuntimeOnly:0 HLODRelevant:0
 |   |   |- Guid:20800680438239B03D401A83B06983D1 BaseClass:/Game/BlueprintActors/InteractibleObjects/DebugObjects/BP_RotatorTest.BP_RotatorTest_C NativeClass:/Script/Engine.Actor Name:BP_RotatorTest_C_UAID_84144DF76A10696701_1348422407 Label:BP_RotatorTest SpatiallyLoaded:1 Bounds:IsValid=true, Min=(X=356.652 Y=105.000 Z=20.000), Max=(X=629.282 Y=328.923 Z=241.942) RuntimeGrid:None EditorOnly:0 RuntimeOnly:0 HLODRelevant:0
 |   |   |- Guid:27DD5F734647E032EBB50FAE4D045ED5 BaseClass:/Game/BlueprintActors/InteractibleObjects/DebugObjects/BP_Rail.BP_Rail_C NativeClass:/Script/Engine.Actor Name:BP_Rail_C_UAID_84144DF76A10736701_2044624174 Label:BP_Rail SpatiallyLoaded:1 Bounds:IsValid=true, Min=(X=899.542 Y=94.920 Z=102.383), Max=(X=1060.458 Y=265.080 Z=164.883) RuntimeGrid:None EditorOnly:0 RuntimeOnly:0 HLODRelevant:0
 |   |   |- Guid:2A48C86048B631ACC241B7B375EC3DD7 BaseClass:/Game/BlueprintActors/CameraManager/CameraChilds/BP_CameraInspection.BP_CameraInspection_C NativeClass:/Script/Engine.Pawn Name:BP_CameraInspection_C_UAID_84144DF76A10B66701_1611346959 Label:BP_CameraInspection SpatiallyLoaded:1 Bounds:IsValid=true, Min=(X=445.798 Y=321.688 Z=214.171), Max=(X=445.798 Y=321.688 Z=214.171) RuntimeGrid:None EditorOnly:0 RuntimeOnly:0 HLODRelevant:0
 |   |   |- Guid:2FB58999456391D349DC0F86DAC136ED BaseClass: NativeClass:/Script/Engine.SkyLight Name:SkyLight_1 Label:SkyLight SpatiallyLoaded:0 Bounds:IsValid=true, Min=(X=0.000 Y=0.000 Z=690.000), Max=(X=0.000 Y=0.000 Z=690.000) RuntimeGrid:None EditorOnly:0 RuntimeOnly:0 HLODRelevant:0 FolderPath:Lighting FolderGuid:963EC3EB4002CCE9759E2EBA541A873A
 |   |   |- Guid:316CF2A6494ACA4C0E4180A87D36AB8F BaseClass: NativeClass:/Script/Engine.ExponentialHeightFog Name:ExponentialHeightFog_0 Label:ExponentialHeightFog SpatiallyLoaded:0 Bounds:IsValid=true, Min=(X=-5600.000 Y=-50.000 Z=-6850.000), Max=(X=-5600.000 Y=-50.000 Z=-6850.000) RuntimeGrid:None EditorOnly:0 RuntimeOnly:0 HLODRelevant:0 FolderPath:Lighting FolderGuid:963EC3EB4002CCE9759E2EBA541A873A
 |   |   |- Guid:3A00AA1C422CE54C0BDB60BAF471BFBB BaseClass: NativeClass:/Script/Engine.PlayerStart Name:PlayerStart_0 Label:PlayerStart SpatiallyLoaded:0 Bounds:IsValid=true, Min=(X=860.000 Y=500.000 Z=0.013), Max=(X=940.000 Y=580.000 Z=184.013) RuntimeGrid:None EditorOnly:0 RuntimeOnly:0 HLODRelevant:0
 |   |   |- Guid:4303FFF244ECAFFEA2DAF3A0D73C9081 BaseClass:/Game/BlueprintActors/CameraManager/BP_Camera.BP_Camera_C NativeClass:/Script/Engine.CameraActor Name:BP_Camera_C_UAID_84144DF76A10EB6601_1653797232 Label:BP_Camera SpatiallyLoaded:1 Bounds:IsValid=true, Min=(X=680.000 Y=1410.000 Z=370.000), Max=(X=680.000 Y=1410.000 Z=370.000) RuntimeGrid:None EditorOnly:0 RuntimeOnly:0 HLODRelevant:0
 |   |   |- Guid:43815E84492231AFC407F59E3C28176B BaseClass: NativeClass:/Script/Engine.StaticMeshActor Name:StaticMeshActor_4 Label:SM_Cube6 SpatiallyLoaded:1 Bounds:IsValid=true, Min=(X=2900.000 Y=100.000 Z=0.000), Max=(X=3000.000 Y=3400.000 Z=400.000) RuntimeGrid:None EditorOnly:0 RuntimeOnly:0 HLODRelevant:1 FolderPath:Playground FolderGuid:C73F09FC4215536B1DCE2A9E0A830C70
 |   |   |- Guid:44E9FB4F45A2EAF4FD629BA77B39A858 BaseClass:/Game/BlueprintActors/CameraManager/BP_Camera.BP_Camera_C NativeClass:/Script/Engine.CameraActor Name:BP_Camera_C_UAID_84144DF76A101F6701_1546399384 Label:BP_Camera3 SpatiallyLoaded:1 Bounds:IsValid=true, Min=(X=2783.397 Y=220.000 Z=503.205), Max=(X=2783.397 Y=220.000 Z=503.205) RuntimeGrid:None EditorOnly:0 RuntimeOnly:0 HLODRelevant:0
 |   |   |- Guid:4D3BE93F4146AAAC8BBE79999D96D57F BaseClass: NativeClass:/Script/Engine.VolumetricCloud Name:VolumetricCloud_0 Label:VolumetricCloud SpatiallyLoaded:0 Bounds:IsValid=true, Min=(X=0.000 Y=0.000 Z=820.000), Max=(X=0.000 Y=0.000 Z=820.000) RuntimeGrid:None EditorOnly:0 RuntimeOnly:0 HLODRelevant:0 FolderPath:Lighting FolderGuid:963EC3EB4002CCE9759E2EBA541A873A
 |   |   |- Guid:517B984740C410D4B1AF52B9E8B8ED3F BaseClass: NativeClass:/Script/Engine.StaticMeshActor Name:StaticMeshActor_UAID_84144DF76A10226801_2104759971 Label:Plane3 SpatiallyLoaded:1 Bounds:IsValid=true, Min=(X=1333.989 Y=-496.411 Z=-110.625), Max=(X=1717.011 Y=-175.017 Z=170.625) RuntimeGrid:None EditorOnly:0 RuntimeOnly:0 HLODRelevant:1
 |   |   |- Guid:5B97F4A64FB21F77EFC44386BF705B4C BaseClass: NativeClass:/Script/Engine.TextRenderActor Name:TextRenderActor_1 Label:TextRenderActor SpatiallyLoaded:1 Bounds:IsValid=true, Min=(X=-0.100 Y=1100.000 Z=65.013), Max=(X=-0.100 Y=2392.308 Z=215.013) RuntimeGrid:None EditorOnly:0 RuntimeOnly:0 HLODRelevant:0
 |   |   |- Guid:5F80BFE74C105ACEEC8575B164F652B9 BaseClass:/Game/BlueprintActors/CameraManager/CameraChilds/BP_CameraInspection.BP_CameraInspection_C NativeClass:/Script/Engine.Pawn Name:BP_CameraInspection_C_UAID_84144DF76A10D06701_1519086538 Label:BP_CameraInspection3 SpatiallyLoaded:1 Bounds:IsValid=true, Min=(X=981.702 Y=261.070 Z=74.095), Max=(X=981.702 Y=261.070 Z=74.095) RuntimeGrid:None EditorOnly:0 RuntimeOnly:0 HLODRelevant:0
 |   |   |- Guid:6BAF4DDD444C60371492D3919DB42C97 BaseClass: NativeClass:/Script/Engine.WorldDataLayers Name:WorldDataLayers Label:WorldDataLayers SpatiallyLoaded:0 Bounds:IsValid=true, Min=(X=0.000 Y=0.000 Z=0.000), Max=(X=0.000 Y=0.000 Z=0.000) RuntimeGrid:None EditorOnly:0 RuntimeOnly:0 HLODRelevant:0
 |   |   |- Guid:770B59A046F93E2D07F955824B79E21E BaseClass:/BlockoutToolsPlugin/Blueprints/Blockout_Box.Blockout_Box_C NativeClass:/Script/BlockoutToolsPlugin.BlockoutToolsParent Name:Blockout_Box_C_UAID_84144DF76A10216701_1921512735 Label:Blockout_Box SpatiallyLoaded:1 Bounds:IsValid=true, Min=(X=420.000 Y=140.000 Z=-0.000), Max=(X=640.000 Y=240.000 Z=100.000) RuntimeGrid:None EditorOnly:0 RuntimeOnly:0 HLODRelevant:1
 |   |   |- Guid:812543F640887BD59568F4BEA18C8CCB BaseClass:/Game/BlueprintActors/CameraManager/BP_CameraTrigger.BP_CameraTrigger_C NativeClass:/Script/Engine.Actor Name:BP_CameraTrigger_C_UAID_84144DF76A10F06601_1350128111 Label:BP_CameraTrigger SpatiallyLoaded:1 Bounds:IsValid=true, Min=(X=1268.000 Y=64.000 Z=-32.000), Max=(X=1332.000 Y=1136.000 Z=32.000) RuntimeGrid:None EditorOnly:0 RuntimeOnly:0 HLODRelevant:0
 |   |   |- Guid:82670EAD48A6AD48962991B64FCD384C BaseClass: NativeClass:/Script/Engine.StaticMeshActor Name:StaticMeshActor_UAID_84144DF76A10216801_1945429791 Label:Plane SpatiallyLoaded:1 Bounds:IsValid=true, Min=(X=1335.000 Y=-990.000 Z=-110.625), Max=(X=1335.000 Y=-490.000 Z=170.625) RuntimeGrid:None EditorOnly:0 RuntimeOnly:0 HLODRelevant:1
 |   |   |- Guid:89DBF88C4413576B5A5E60BF0F326A9D BaseClass:/Game/BlueprintActors/CameraManager/CameraChilds/BP_InteractibleZone.BP_InteractibleZone_C NativeClass:/Script/Engine.Actor Name:BP_InteractibleZone_C_UAID_84144DF76A10726701_1806766995 Label:BP_InteractibleZone2 SpatiallyLoaded:1 Bounds:IsValid=true, Min=(X=829.000 Y=94.000 Z=-66.000), Max=(X=1101.000 Y=366.000 Z=206.000) RuntimeGrid:None EditorOnly:0 RuntimeOnly:0 HLODRelevant:0
 |   |   |- Guid:939A104A4768E2D4757A2BA7D6A7F510 BaseClass:/Game/BlueprintActors/CameraManager/CameraChilds/BP_CameraInventory.BP_CameraInventory_C NativeClass:/Script/Engine.Pawn Name:BP_CameraInventory_C_UAID_84144DF76A10B66701_1795263960 Label:BP_CameraInventory SpatiallyLoaded:1 Bounds:IsValid=true, Min=(X=1694.614 Y=2440.056 Z=49.301), Max=(X=1774.267 Y=2490.363 Z=173.402) RuntimeGrid:None EditorOnly:0 RuntimeOnly:0 HLODRelevant:0
 |   |   |- Guid:9CF4765147CC05712E8A83B84E6AAD87 BaseClass:/Game/BlueprintActors/InteractibleObjects/BP_ZoomInteraction.BP_ZoomInteraction_C NativeClass:/Script/Engine.Actor Name:BP_ZoomInteraction_C_UAID_84144DF76A10E26701_2053504703 Label:BP_ZoomInteraction SpatiallyLoaded:1 Bounds:IsValid=true, Min=(X=950.575 Y=208.331 Z=64.602), Max=(X=963.913 Y=221.669 Z=77.940) RuntimeGrid:None EditorOnly:0 RuntimeOnly:0 HLODRelevant:0
 |   |   |- Guid:A56216954B2165CF0F35A886B537D536 BaseClass: NativeClass:/Script/Engine.StaticMeshActor Name:StaticMeshActor_0 Label:SM_Cube5 SpatiallyLoaded:1 Bounds:IsValid=true, Min=(X=-0.000 Y=100.000 Z=0.000), Max=(X=100.000 Y=3400.000 Z=400.000) RuntimeGrid:None EditorOnly:0 RuntimeOnly:0 HLODRelevant:1 FolderPath:Playground FolderGuid:C73F09FC4215536B1DCE2A9E0A830C70
 |   |   |- Guid:A634A2BF445B04C8F71585AC65F9B661 BaseClass:/Game/BlueprintActors/Items/BP_Item_Knife.BP_Item_Knife_C NativeClass:/Script/Engine.Actor Name:BP_Item_Test_C_UAID_84144DF76A108C6701_1856237567 Label:BP_Item_Test SpatiallyLoaded:1 Bounds:IsValid=true, Min=(X=944.649 Y=156.629 Z=56.029), Max=(X=982.607 Y=199.432 Z=64.349) RuntimeGrid:None EditorOnly:0 RuntimeOnly:0 HLODRelevant:0
 |   |   |- Guid:B785ED2844B84CFB91E7F39FE661CD99 BaseClass: NativeClass:/Script/Engine.DirectionalLight Name:DirectionalLight_0 Label:DirectionalLight SpatiallyLoaded:0 Bounds:IsValid=true, Min=(X=-1048576.000 Y=-1048576.000 Z=-1048576.000), Max=(X=1048576.000 Y=1048576.000 Z=1048576.000) RuntimeGrid:None EditorOnly:0 RuntimeOnly:0 HLODRelevant:0 FolderPath:Lighting FolderGuid:963EC3EB4002CCE9759E2EBA541A873A
 |   |   |- Guid:B82BDF81409D3B4FF88265A2B0CA8E5B BaseClass:/Game/BlueprintActors/InteractibleObjects/DebugObjects/BP_DrawerDebug.BP_DrawerDebug_C NativeClass:/Script/Engine.Actor Name:BP_DrawerDebug_C_UAID_84144DF76A10CA6701_1178338481 Label:BP_DrawerDebug SpatiallyLoaded:1 Bounds:IsValid=true, Min=(X=876.892 Y=103.076 Z=-0.000), Max=(X=1036.892 Y=317.826 Z=177.750) RuntimeGrid:None EditorOnly:0 RuntimeOnly:0 HLODRelevant:0
 |   |   |- Guid:BC08B79C4EA3C961CFF75EBBE83B367D BaseClass: NativeClass:/Script/Engine.StaticMeshActor Name:StaticMeshActor_5 Label:SM_Cube2 SpatiallyLoaded:1 Bounds:IsValid=true, Min=(X=0.000 Y=0.000 Z=0.000), Max=(X=3000.000 Y=100.000 Z=400.000) RuntimeGrid:None EditorOnly:0 RuntimeOnly:0 HLODRelevant:1 FolderPath:Playground FolderGuid:C73F09FC4215536B1DCE2A9E0A830C70
 |   |   |- Guid:C41E43DF4818FA6349560AA3CF409F69 BaseClass:/Game/BlueprintActors/Items/BP_Item_SmallKey01.BP_Item_SmallKey01_C NativeClass:/Script/Engine.Actor Name:BP_Item_SmallKey01_C_UAID_84144DF76A10D56701_1978251420 Label:BP_Item_SmallKey01 SpatiallyLoaded:1 Bounds:IsValid=true, Min=(X=897.179 Y=188.275 Z=99.016), Max=(X=919.160 Y=205.468 Z=103.484) RuntimeGrid:None EditorOnly:0 RuntimeOnly:0 HLODRelevant:0
 |   |   |- Guid:CCFF262C46EEFFDF319E7F9539CE697E BaseClass: NativeClass:/Script/Engine.SkyAtmosphere Name:SkyAtmosphere_0 Label:SkyAtmosphere SpatiallyLoaded:0 Bounds:IsValid=true, Min=(X=0.000 Y=0.000 Z=1020.000), Max=(X=0.000 Y=0.000 Z=1020.000) RuntimeGrid:None EditorOnly:0 RuntimeOnly:0 HLODRelevant:0 FolderPath:Lighting FolderGuid:963EC3EB4002CCE9759E2EBA541A873A
 |   |   |- Guid:CE009831474865C9229529B4CD7A28A6 BaseClass:/Game/BlueprintActors/InteractibleObjects/BP_ZoomInteraction.BP_ZoomInteraction_C NativeClass:/Script/Engine.Actor Name:BP_ZoomInteraction_C_UAID_84144DF76A10266801_1631114677 Label:BP_ZoomInteraction2 SpatiallyLoaded:1 Bounds:IsValid=true, Min=(X=897.079 Y=148.000 Z=86.767), Max=(X=1022.921 Y=212.000 Z=93.233) RuntimeGrid:None EditorOnly:0 RuntimeOnly:0 HLODRelevant:0
 |   |   |- Guid:D0ADB6254B3244BFCC9DE5A0591EA533 BaseClass:/Game/BlueprintActors/CameraManager/BP_Camera.BP_Camera_C NativeClass:/Script/Engine.CameraActor Name:BP_Camera_C_UAID_84144DF76A10F06601_1359888112 Label:BP_Camera2 SpatiallyLoaded:1 Bounds:IsValid=true, Min=(X=1560.000 Y=1410.000 Z=330.000), Max=(X=1560.000 Y=1410.000 Z=330.000) RuntimeGrid:None EditorOnly:0 RuntimeOnly:0 HLODRelevant:0
 |   |   |- Guid:D4A4E676404065CA781B10BAFC626C57 BaseClass:/Game/BlueprintActors/InteractibleObjects/DebugObjects/BP_Lamp.BP_Lamp_C NativeClass:/Script/Engine.Actor Name:BP_Lamp_C_UAID_84144DF76A10416701_1419371368 Label:BP_Lamp SpatiallyLoaded:1 Bounds:IsValid=true, Min=(X=565.000 Y=160.000 Z=145.000), Max=(X=615.000 Y=210.000 Z=195.000) RuntimeGrid:None EditorOnly:0 RuntimeOnly:0 HLODRelevant:0
 |   |   |- Guid:D5AD875F44C774812988F9A109E3EDEF BaseClass: NativeClass:/Script/Engine.StaticMeshActor Name:StaticMeshActor_UAID_84144DF76A10226801_2045327970 Label:Plane2 SpatiallyLoaded:1 Bounds:IsValid=true, Min=(X=1332.824 Y=-1237.500 Z=-110.625), Max=(X=1765.836 Y=-987.500 Z=170.625) RuntimeGrid:None EditorOnly:0 RuntimeOnly:0 HLODRelevant:1
 |   |   |- Guid:DAA16EAC47BD5DD0FF7FB2987738E743 BaseClass:/Game/BlueprintActors/CameraManager/CameraChilds/BP_InteractibleZone.BP_InteractibleZone_C NativeClass:/Script/Engine.Actor Name:BP_InteractibleZone_C_UAID_84144DF76A10236701_1419458088 Label:BP_InteractibleZone SpatiallyLoaded:1 Bounds:IsValid=true, Min=(X=394.000 Y=94.000 Z=-66.000), Max=(X=666.000 Y=366.000 Z=206.000) RuntimeGrid:None EditorOnly:0 RuntimeOnly:0 HLODRelevant:0
 |   |   |- Guid:E0AC89D447D23B632D617390D46A726B BaseClass:/Game/BlueprintActors/InteractibleObjects/DebugObjects/BP_Interupter.BP_Interupter_C NativeClass:/Script/Engine.Actor Name:BPInt_Interupter_C_UAID_84144DF76A103C6701_1718295487 Label:BPInt_Interupter SpatiallyLoaded:1 Bounds:IsValid=true, Min=(X=438.490 Y=109.506 Z=10.718), Max=(X=671.482 Y=343.950 Z=244.134) RuntimeGrid:None EditorOnly:0 RuntimeOnly:0 HLODRelevant:0
 |   |   |- Guid:EC4E0C944CE6AC6E784BC6BB2916EA13 BaseClass: NativeClass:/Script/Engine.StaticMeshActor Name:StaticMeshActor_UAID_A4AE111137DC5EFB00_1110535423 Label:SM_SkySphere SpatiallyLoaded:0 Bounds:IsValid=true, Min=(X=-1638400.000 Y=-1638400.000 Z=-1638400.000), Max=(X=1638400.000 Y=1638400.000 Z=1638400.000) RuntimeGrid:None EditorOnly:0 RuntimeOnly:0 HLODRelevant:1 FolderPath:Lighting FolderGuid:963EC3EB4002CCE9759E2EBA541A873A
 |   |   |- Guid:EEA42BC44FD6250293ADC2A39F84C3DC BaseClass: NativeClass:/Script/Engine.CameraActor Name:CameraActor_UAID_84144DF76A10226801_1245416968 Label:CameraActor SpatiallyLoaded:1 Bounds:IsValid=true, Min=(X=1485.000 Y=-740.000 Z=30.000), Max=(X=1485.000 Y=-740.000 Z=30.000) RuntimeGrid:None EditorOnly:0 RuntimeOnly:0 HLODRelevant:0
 |   |   |- Guid:F1924B8D48954B30891B2DB6A694F9CC BaseClass: NativeClass:/Script/Engine.StaticMeshActor Name:StaticMeshActor_1 Label:SM_Cube SpatiallyLoaded:1 Bounds:IsValid=true, Min=(X=0.000 Y=0.000 Z=-50.000), Max=(X=3000.000 Y=3500.000 Z=0.000) RuntimeGrid:None EditorOnly:0 RuntimeOnly:0 HLODRelevant:1 FolderPath:Playground FolderGuid:C73F09FC4215536B1DCE2A9E0A830C70
 |   |   |- Guid:F27259C44DEFA261E6FD50B7D6D9F3B1 BaseClass:/Game/BlueprintActors/InteractibleObjects/BP_ObjectPlacingZone.BP_ObjectPlacingZone_C NativeClass:/Script/Engine.Actor Name:BP_ObjectPlacingZone_C_UAID_84144DF76A100E6801_1215711447 Label:BP_ObjectPlacingZone SpatiallyLoaded:1 Bounds:IsValid=true, Min=(X=953.461 Y=207.991 Z=67.924), Max=(X=960.297 Y=219.386 Z=74.761) RuntimeGrid:None EditorOnly:0 RuntimeOnly:0 HLODRelevant:0
 |   |   |- Guid:F3A442324E8870F0800DD8B87541B522 BaseClass:/Game/BlueprintActors/CameraManager/CameraChilds/BP_CameraInspection.BP_CameraInspection_C NativeClass:/Script/Engine.Pawn Name:BP_CameraInspection_C_UAID_84144DF76A10B76701_1992460136 Label:BP_CameraInspection2 SpatiallyLoaded:1 Bounds:IsValid=true, Min=(X=925.798 Y=332.755 Z=172.668), Max=(X=925.798 Y=332.755 Z=172.668) RuntimeGrid:None EditorOnly:0 RuntimeOnly:0 HLODRelevant:0
 |   |   |- Guid:F5E3FEB3450C49844FD93DA8E083C8AD BaseClass: NativeClass:/Script/Engine.PostProcessVolume Name:PostProcessVolume_0 Label:PostProcessVolume SpatiallyLoaded:0 Bounds:IsValid=true, Min=(X=0.000 Y=0.000 Z=400.000), Max=(X=200.000 Y=200.000 Z=600.000) RuntimeGrid:None EditorOnly:0 RuntimeOnly:0 HLODRelevant:0 FolderPath:Lighting FolderGuid:963EC3EB4002CCE9759E2EBA541A873A
 |   |   |- Guid:FB3E00874A6F4996E405C6938F291362 BaseClass:/Game/BlueprintActors/CameraManager/BP_CameraTrigger.BP_CameraTrigger_C NativeClass:/Script/Engine.Actor Name:BP_CameraTrigger_C_UAID_84144DF76A101F6701_1518096383 Label:BP_CameraTrigger2 SpatiallyLoaded:1 Bounds:IsValid=true, Min=(X=1968.000 Y=64.000 Z=-32.000), Max=(X=2032.000 Y=1136.000 Z=32.000) RuntimeGrid:None EditorOnly:0 RuntimeOnly:0 HLODRelevant:0
 |   |   |- Guid:FF698C67459ADB4982D7759C0905EE9F BaseClass: NativeClass:/Script/Engine.StaticMeshActor Name:StaticMeshActor_6 Label:SM_Cube3 SpatiallyLoaded:1 Bounds:IsValid=true, Min=(X=0.000 Y=3400.000 Z=0.000), Max=(X=3000.000 Y=3500.000 Z=400.000) RuntimeGrid:None EditorOnly:0 RuntimeOnly:0 HLODRelevant:1 FolderPath:Playground FolderGuid:C73F09FC4215536B1DCE2A9E0A830C70
 |   |- [+] Clusters:
 |   |   |- [+] [  0]
 |   |   |   |- Guid:6BAF4DDD444C60371492D3919DB42C97 BaseClass: NativeClass:/Script/Engine.WorldDataLayers Name:WorldDataLayers Label:WorldDataLayers SpatiallyLoaded:0 Bounds:IsValid=true, Min=(X=0.000 Y=0.000 Z=0.000), Max=(X=0.000 Y=0.000 Z=0.000) RuntimeGrid:None EditorOnly:0 RuntimeOnly:0 HLODRelevant:0
 |   |   |- [+] [  1]
 |   |   |   |- Guid:770B59A046F93E2D07F955824B79E21E BaseClass:/BlockoutToolsPlugin/Blueprints/Blockout_Box.Blockout_Box_C NativeClass:/Script/BlockoutToolsPlugin.BlockoutToolsParent Name:Blockout_Box_C_UAID_84144DF76A10216701_1921512735 Label:Blockout_Box SpatiallyLoaded:1 Bounds:IsValid=true, Min=(X=420.000 Y=140.000 Z=-0.000), Max=(X=640.000 Y=240.000 Z=100.000) RuntimeGrid:None EditorOnly:0 RuntimeOnly:0 HLODRelevant:1
 |   |   |- [+] [  2]
 |   |   |   |- Guid:4D3BE93F4146AAAC8BBE79999D96D57F BaseClass: NativeClass:/Script/Engine.VolumetricCloud Name:VolumetricCloud_0 Label:VolumetricCloud SpatiallyLoaded:0 Bounds:IsValid=true, Min=(X=0.000 Y=0.000 Z=820.000), Max=(X=0.000 Y=0.000 Z=820.000) RuntimeGrid:None EditorOnly:0 RuntimeOnly:0 HLODRelevant:0 FolderPath:Lighting FolderGuid:963EC3EB4002CCE9759E2EBA541A873A
 |   |   |- [+] [  3]
 |   |   |   |- Guid:A56216954B2165CF0F35A886B537D536 BaseClass: NativeClass:/Script/Engine.StaticMeshActor Name:StaticMeshActor_0 Label:SM_Cube5 SpatiallyLoaded:1 Bounds:IsValid=true, Min=(X=-0.000 Y=100.000 Z=0.000), Max=(X=100.000 Y=3400.000 Z=400.000) RuntimeGrid:None EditorOnly:0 RuntimeOnly:0 HLODRelevant:1 FolderPath:Playground FolderGuid:C73F09FC4215536B1DCE2A9E0A830C70
 |   |   |- [+] [  4]
 |   |   |   |- Guid:E0AC89D447D23B632D617390D46A726B BaseClass:/Game/BlueprintActors/InteractibleObjects/DebugObjects/BP_Interupter.BP_Interupter_C NativeClass:/Script/Engine.Actor Name:BPInt_Interupter_C_UAID_84144DF76A103C6701_1718295487 Label:BPInt_Interupter SpatiallyLoaded:1 Bounds:IsValid=true, Min=(X=438.490 Y=109.506 Z=10.718), Max=(X=671.482 Y=343.950 Z=244.134) RuntimeGrid:None EditorOnly:0 RuntimeOnly:0 HLODRelevant:0
 |   |   |   |- Guid:D4A4E676404065CA781B10BAFC626C57 BaseClass:/Game/BlueprintActors/InteractibleObjects/DebugObjects/BP_Lamp.BP_Lamp_C NativeClass:/Script/Engine.Actor Name:BP_Lamp_C_UAID_84144DF76A10416701_1419371368 Label:BP_Lamp SpatiallyLoaded:1 Bounds:IsValid=true, Min=(X=565.000 Y=160.000 Z=145.000), Max=(X=615.000 Y=210.000 Z=195.000) RuntimeGrid:None EditorOnly:0 RuntimeOnly:0 HLODRelevant:0
 |   |   |- [+] [  5]
 |   |   |   |- Guid:B785ED2844B84CFB91E7F39FE661CD99 BaseClass: NativeClass:/Script/Engine.DirectionalLight Name:DirectionalLight_0 Label:DirectionalLight SpatiallyLoaded:0 Bounds:IsValid=true, Min=(X=-1048576.000 Y=-1048576.000 Z=-1048576.000), Max=(X=1048576.000 Y=1048576.000 Z=1048576.000) RuntimeGrid:None EditorOnly:0 RuntimeOnly:0 HLODRelevant:0 FolderPath:Lighting FolderGuid:963EC3EB4002CCE9759E2EBA541A873A
 |   |   |- [+] [  6]
 |   |   |   |- Guid:43815E84492231AFC407F59E3C28176B BaseClass: NativeClass:/Script/Engine.StaticMeshActor Name:StaticMeshActor_4 Label:SM_Cube6 SpatiallyLoaded:1 Bounds:IsValid=true, Min=(X=2900.000 Y=100.000 Z=0.000), Max=(X=3000.000 Y=3400.000 Z=400.000) RuntimeGrid:None EditorOnly:0 RuntimeOnly:0 HLODRelevant:1 FolderPath:Playground FolderGuid:C73F09FC4215536B1DCE2A9E0A830C70
 |   |   |- [+] [  7]
 |   |   |   |- Guid:27DD5F734647E032EBB50FAE4D045ED5 BaseClass:/Game/BlueprintActors/InteractibleObjects/DebugObjects/BP_Rail.BP_Rail_C NativeClass:/Script/Engine.Actor Name:BP_Rail_C_UAID_84144DF76A10736701_2044624174 Label:BP_Rail SpatiallyLoaded:1 Bounds:IsValid=true, Min=(X=899.542 Y=94.920 Z=102.383), Max=(X=1060.458 Y=265.080 Z=164.883) RuntimeGrid:None EditorOnly:0 RuntimeOnly:0 HLODRelevant:0
 |   |   |- [+] [  8]
 |   |   |   |- Guid:939A104A4768E2D4757A2BA7D6A7F510 BaseClass:/Game/BlueprintActors/CameraManager/CameraChilds/BP_CameraInventory.BP_CameraInventory_C NativeClass:/Script/Engine.Pawn Name:BP_CameraInventory_C_UAID_84144DF76A10B66701_1795263960 Label:BP_CameraInventory SpatiallyLoaded:1 Bounds:IsValid=true, Min=(X=1694.614 Y=2440.056 Z=49.301), Max=(X=1774.267 Y=2490.363 Z=173.402) RuntimeGrid:None EditorOnly:0 RuntimeOnly:0 HLODRelevant:0
 |   |   |- [+] [  9]
 |   |   |   |- Guid:F1924B8D48954B30891B2DB6A694F9CC BaseClass: NativeClass:/Script/Engine.StaticMeshActor Name:StaticMeshActor_1 Label:SM_Cube SpatiallyLoaded:1 Bounds:IsValid=true, Min=(X=0.000 Y=0.000 Z=-50.000), Max=(X=3000.000 Y=3500.000 Z=0.000) RuntimeGrid:None EditorOnly:0 RuntimeOnly:0 HLODRelevant:1 FolderPath:Playground FolderGuid:C73F09FC4215536B1DCE2A9E0A830C70
 |   |   |- [+] [ 10]
 |   |   |   |- Guid:316CF2A6494ACA4C0E4180A87D36AB8F BaseClass: NativeClass:/Script/Engine.ExponentialHeightFog Name:ExponentialHeightFog_0 Label:ExponentialHeightFog SpatiallyLoaded:0 Bounds:IsValid=true, Min=(X=-5600.000 Y=-50.000 Z=-6850.000), Max=(X=-5600.000 Y=-50.000 Z=-6850.000) RuntimeGrid:None EditorOnly:0 RuntimeOnly:0 HLODRelevant:0 FolderPath:Lighting FolderGuid:963EC3EB4002CCE9759E2EBA541A873A
 |   |   |- [+] [ 11]
 |   |   |   |- Guid:EEA42BC44FD6250293ADC2A39F84C3DC BaseClass: NativeClass:/Script/Engine.CameraActor Name:CameraActor_UAID_84144DF76A10226801_1245416968 Label:CameraActor SpatiallyLoaded:1 Bounds:IsValid=true, Min=(X=1485.000 Y=-740.000 Z=30.000), Max=(X=1485.000 Y=-740.000 Z=30.000) RuntimeGrid:None EditorOnly:0 RuntimeOnly:0 HLODRelevant:0
 |   |   |- [+] [ 12]
 |   |   |   |- Guid:C41E43DF4818FA6349560AA3CF409F69 BaseClass:/Game/BlueprintActors/Items/BP_Item_SmallKey01.BP_Item_SmallKey01_C NativeClass:/Script/Engine.Actor Name:BP_Item_SmallKey01_C_UAID_84144DF76A10D56701_1978251420 Label:BP_Item_SmallKey01 SpatiallyLoaded:1 Bounds:IsValid=true, Min=(X=897.179 Y=188.275 Z=99.016), Max=(X=919.160 Y=205.468 Z=103.484) RuntimeGrid:None EditorOnly:0 RuntimeOnly:0 HLODRelevant:0
 |   |   |- [+] [ 13]
 |   |   |   |- Guid:EC4E0C944CE6AC6E784BC6BB2916EA13 BaseClass: NativeClass:/Script/Engine.StaticMeshActor Name:StaticMeshActor_UAID_A4AE111137DC5EFB00_1110535423 Label:SM_SkySphere SpatiallyLoaded:0 Bounds:IsValid=true, Min=(X=-1638400.000 Y=-1638400.000 Z=-1638400.000), Max=(X=1638400.000 Y=1638400.000 Z=1638400.000) RuntimeGrid:None EditorOnly:0 RuntimeOnly:0 HLODRelevant:1 FolderPath:Lighting FolderGuid:963EC3EB4002CCE9759E2EBA541A873A
 |   |   |- [+] [ 14]
 |   |   |   |- Guid:CCFF262C46EEFFDF319E7F9539CE697E BaseClass: NativeClass:/Script/Engine.SkyAtmosphere Name:SkyAtmosphere_0 Label:SkyAtmosphere SpatiallyLoaded:0 Bounds:IsValid=true, Min=(X=0.000 Y=0.000 Z=1020.000), Max=(X=0.000 Y=0.000 Z=1020.000) RuntimeGrid:None EditorOnly:0 RuntimeOnly:0 HLODRelevant:0 FolderPath:Lighting FolderGuid:963EC3EB4002CCE9759E2EBA541A873A
 |   |   |- [+] [ 15]
 |   |   |   |- Guid:2FB58999456391D349DC0F86DAC136ED BaseClass: NativeClass:/Script/Engine.SkyLight Name:SkyLight_1 Label:SkyLight SpatiallyLoaded:0 Bounds:IsValid=true, Min=(X=0.000 Y=0.000 Z=690.000), Max=(X=0.000 Y=0.000 Z=690.000) RuntimeGrid:None EditorOnly:0 RuntimeOnly:0 HLODRelevant:0 FolderPath:Lighting FolderGuid:963EC3EB4002CCE9759E2EBA541A873A
 |   |   |- [+] [ 16]
 |   |   |   |- Guid:20800680438239B03D401A83B06983D1 BaseClass:/Game/BlueprintActors/InteractibleObjects/DebugObjects/BP_RotatorTest.BP_RotatorTest_C NativeClass:/Script/Engine.Actor Name:BP_RotatorTest_C_UAID_84144DF76A10696701_1348422407 Label:BP_RotatorTest SpatiallyLoaded:1 Bounds:IsValid=true, Min=(X=356.652 Y=105.000 Z=20.000), Max=(X=629.282 Y=328.923 Z=241.942) RuntimeGrid:None EditorOnly:0 RuntimeOnly:0 HLODRelevant:0
 |   |   |- [+] [ 17]
 |   |   |   |- Guid:D5AD875F44C774812988F9A109E3EDEF BaseClass: NativeClass:/Script/Engine.StaticMeshActor Name:StaticMeshActor_UAID_84144DF76A10226801_2045327970 Label:Plane2 SpatiallyLoaded:1 Bounds:IsValid=true, Min=(X=1332.824 Y=-1237.500 Z=-110.625), Max=(X=1765.836 Y=-987.500 Z=170.625) RuntimeGrid:None EditorOnly:0 RuntimeOnly:0 HLODRelevant:1
 |   |   |- [+] [ 18]
 |   |   |   |- Guid:DAA16EAC47BD5DD0FF7FB2987738E743 BaseClass:/Game/BlueprintActors/CameraManager/CameraChilds/BP_InteractibleZone.BP_InteractibleZone_C NativeClass:/Script/Engine.Actor Name:BP_InteractibleZone_C_UAID_84144DF76A10236701_1419458088 Label:BP_InteractibleZone SpatiallyLoaded:1 Bounds:IsValid=true, Min=(X=394.000 Y=94.000 Z=-66.000), Max=(X=666.000 Y=366.000 Z=206.000) RuntimeGrid:None EditorOnly:0 RuntimeOnly:0 HLODRelevant:0
 |   |   |   |- Guid:2A48C86048B631ACC241B7B375EC3DD7 BaseClass:/Game/BlueprintActors/CameraManager/CameraChilds/BP_CameraInspection.BP_CameraInspection_C NativeClass:/Script/Engine.Pawn Name:BP_CameraInspection_C_UAID_84144DF76A10B66701_1611346959 Label:BP_CameraInspection SpatiallyLoaded:1 Bounds:IsValid=true, Min=(X=445.798 Y=321.688 Z=214.171), Max=(X=445.798 Y=321.688 Z=214.171) RuntimeGrid:None EditorOnly:0 RuntimeOnly:0 HLODRelevant:0
 |   |   |- [+] [ 19]
 |   |   |   |- Guid:82670EAD48A6AD48962991B64FCD384C BaseClass: NativeClass:/Script/Engine.StaticMeshActor Name:StaticMeshActor_UAID_84144DF76A10216801_1945429791 Label:Plane SpatiallyLoaded:1 Bounds:IsValid=true, Min=(X=1335.000 Y=-990.000 Z=-110.625), Max=(X=1335.000 Y=-490.000 Z=170.625) RuntimeGrid:None EditorOnly:0 RuntimeOnly:0 HLODRelevant:1
 |   |   |- [+] [ 20]
 |   |   |   |- Guid:BC08B79C4EA3C961CFF75EBBE83B367D BaseClass: NativeClass:/Script/Engine.StaticMeshActor Name:StaticMeshActor_5 Label:SM_Cube2 SpatiallyLoaded:1 Bounds:IsValid=true, Min=(X=0.000 Y=0.000 Z=0.000), Max=(X=3000.000 Y=100.000 Z=400.000) RuntimeGrid:None EditorOnly:0 RuntimeOnly:0 HLODRelevant:1 FolderPath:Playground FolderGuid:C73F09FC4215536B1DCE2A9E0A830C70
 |   |   |- [+] [ 21]
 |   |   |   |- Guid:F27259C44DEFA261E6FD50B7D6D9F3B1 BaseClass:/Game/BlueprintActors/InteractibleObjects/BP_ObjectPlacingZone.BP_ObjectPlacingZone_C NativeClass:/Script/Engine.Actor Name:BP_ObjectPlacingZone_C_UAID_84144DF76A100E6801_1215711447 Label:BP_ObjectPlacingZone SpatiallyLoaded:1 Bounds:IsValid=true, Min=(X=953.461 Y=207.991 Z=67.924), Max=(X=960.297 Y=219.386 Z=74.761) RuntimeGrid:None EditorOnly:0 RuntimeOnly:0 HLODRelevant:0
 |   |   |   |- Guid:0CA9D1EE4D5991923086BD8673917359 BaseClass:/Game/BlueprintActors/InteractibleObjects/Sequencer/BP_SequencerInteraction_Key.BP_SequencerInteraction_Key_C NativeClass:/Script/Engine.Actor Name:BP_SequencerInteraction_Key_C_UAID_84144DF76A10106801_1447938800 Label:BP_SequencerInteraction_Key SpatiallyLoaded:1 Bounds:IsValid=true, Min=(X=876.984 Y=130.318 Z=-8.797), Max=(X=1036.984 Y=310.318 Z=151.203) RuntimeGrid:None EditorOnly:0 RuntimeOnly:0 HLODRelevant:0
 |   |   |   |- Guid:B82BDF81409D3B4FF88265A2B0CA8E5B BaseClass:/Game/BlueprintActors/InteractibleObjects/DebugObjects/BP_DrawerDebug.BP_DrawerDebug_C NativeClass:/Script/Engine.Actor Name:BP_DrawerDebug_C_UAID_84144DF76A10CA6701_1178338481 Label:BP_DrawerDebug SpatiallyLoaded:1 Bounds:IsValid=true, Min=(X=876.892 Y=103.076 Z=-0.000), Max=(X=1036.892 Y=317.826 Z=177.750) RuntimeGrid:None EditorOnly:0 RuntimeOnly:0 HLODRelevant:0
 |   |   |   |- Guid:9CF4765147CC05712E8A83B84E6AAD87 BaseClass:/Game/BlueprintActors/InteractibleObjects/BP_ZoomInteraction.BP_ZoomInteraction_C NativeClass:/Script/Engine.Actor Name:BP_ZoomInteraction_C_UAID_84144DF76A10E26701_2053504703 Label:BP_ZoomInteraction SpatiallyLoaded:1 Bounds:IsValid=true, Min=(X=950.575 Y=208.331 Z=64.602), Max=(X=963.913 Y=221.669 Z=77.940) RuntimeGrid:None EditorOnly:0 RuntimeOnly:0 HLODRelevant:0
 |   |   |   |- Guid:5F80BFE74C105ACEEC8575B164F652B9 BaseClass:/Game/BlueprintActors/CameraManager/CameraChilds/BP_CameraInspection.BP_CameraInspection_C NativeClass:/Script/Engine.Pawn Name:BP_CameraInspection_C_UAID_84144DF76A10D06701_1519086538 Label:BP_CameraInspection3 SpatiallyLoaded:1 Bounds:IsValid=true, Min=(X=981.702 Y=261.070 Z=74.095), Max=(X=981.702 Y=261.070 Z=74.095) RuntimeGrid:None EditorOnly:0 RuntimeOnly:0 HLODRelevant:0
 |   |   |   |- Guid:A634A2BF445B04C8F71585AC65F9B661 BaseClass:/Game/BlueprintActors/Items/BP_Item_Knife.BP_Item_Knife_C NativeClass:/Script/Engine.Actor Name:BP_Item_Test_C_UAID_84144DF76A108C6701_1856237567 Label:BP_Item_Test SpatiallyLoaded:1 Bounds:IsValid=true, Min=(X=944.649 Y=156.629 Z=56.029), Max=(X=982.607 Y=199.432 Z=64.349) RuntimeGrid:None EditorOnly:0 RuntimeOnly:0 HLODRelevant:0
 |   |   |   |- Guid:CE009831474865C9229529B4CD7A28A6 BaseClass:/Game/BlueprintActors/InteractibleObjects/BP_ZoomInteraction.BP_ZoomInteraction_C NativeClass:/Script/Engine.Actor Name:BP_ZoomInteraction_C_UAID_84144DF76A10266801_1631114677 Label:BP_ZoomInteraction2 SpatiallyLoaded:1 Bounds:IsValid=true, Min=(X=897.079 Y=148.000 Z=86.767), Max=(X=1022.921 Y=212.000 Z=93.233) RuntimeGrid:None EditorOnly:0 RuntimeOnly:0 HLODRelevant:0
 |   |   |   |- Guid:0FC8CE8F43680D37B02E538325746B93 BaseClass:/Game/BlueprintActors/CameraManager/CameraChilds/BP_CameraInspection.BP_CameraInspection_C NativeClass:/Script/Engine.Pawn Name:BP_CameraInspection_C_UAID_84144DF76A10256801_1518121500 Label:BP_CameraInspection4 SpatiallyLoaded:1 Bounds:IsValid=true, Min=(X=951.702 Y=276.070 Z=149.095), Max=(X=951.702 Y=276.070 Z=149.095) RuntimeGrid:None EditorOnly:0 RuntimeOnly:0 HLODRelevant:0
 |   |   |- [+] [ 22]
 |   |   |   |- Guid:517B984740C410D4B1AF52B9E8B8ED3F BaseClass: NativeClass:/Script/Engine.StaticMeshActor Name:StaticMeshActor_UAID_84144DF76A10226801_2104759971 Label:Plane3 SpatiallyLoaded:1 Bounds:IsValid=true, Min=(X=1333.989 Y=-496.411 Z=-110.625), Max=(X=1717.011 Y=-175.017 Z=170.625) RuntimeGrid:None EditorOnly:0 RuntimeOnly:0 HLODRelevant:1
 |   |   |- [+] [ 23]
 |   |   |   |- Guid:FF698C67459ADB4982D7759C0905EE9F BaseClass: NativeClass:/Script/Engine.StaticMeshActor Name:StaticMeshActor_6 Label:SM_Cube3 SpatiallyLoaded:1 Bounds:IsValid=true, Min=(X=0.000 Y=3400.000 Z=0.000), Max=(X=3000.000 Y=3500.000 Z=400.000) RuntimeGrid:None EditorOnly:0 RuntimeOnly:0 HLODRelevant:1 FolderPath:Playground FolderGuid:C73F09FC4215536B1DCE2A9E0A830C70
 |   |   |- [+] [ 24]
 |   |   |   |- Guid:3A00AA1C422CE54C0BDB60BAF471BFBB BaseClass: NativeClass:/Script/Engine.PlayerStart Name:PlayerStart_0 Label:PlayerStart SpatiallyLoaded:0 Bounds:IsValid=true, Min=(X=860.000 Y=500.000 Z=0.013), Max=(X=940.000 Y=580.000 Z=184.013) RuntimeGrid:None EditorOnly:0 RuntimeOnly:0 HLODRelevant:0
 |   |   |- [+] [ 25]
 |   |   |   |- Guid:FB3E00874A6F4996E405C6938F291362 BaseClass:/Game/BlueprintActors/CameraManager/BP_CameraTrigger.BP_CameraTrigger_C NativeClass:/Script/Engine.Actor Name:BP_CameraTrigger_C_UAID_84144DF76A101F6701_1518096383 Label:BP_CameraTrigger2 SpatiallyLoaded:1 Bounds:IsValid=true, Min=(X=1968.000 Y=64.000 Z=-32.000), Max=(X=2032.000 Y=1136.000 Z=32.000) RuntimeGrid:None EditorOnly:0 RuntimeOnly:0 HLODRelevant:0
 |   |   |   |- Guid:44E9FB4F45A2EAF4FD629BA77B39A858 BaseClass:/Game/BlueprintActors/CameraManager/BP_Camera.BP_Camera_C NativeClass:/Script/Engine.CameraActor Name:BP_Camera_C_UAID_84144DF76A101F6701_1546399384 Label:BP_Camera3 SpatiallyLoaded:1 Bounds:IsValid=true, Min=(X=2783.397 Y=220.000 Z=503.205), Max=(X=2783.397 Y=220.000 Z=503.205) RuntimeGrid:None EditorOnly:0 RuntimeOnly:0 HLODRelevant:0
 |   |   |   |- Guid:812543F640887BD59568F4BEA18C8CCB BaseClass:/Game/BlueprintActors/CameraManager/BP_CameraTrigger.BP_CameraTrigger_C NativeClass:/Script/Engine.Actor Name:BP_CameraTrigger_C_UAID_84144DF76A10F06601_1350128111 Label:BP_CameraTrigger SpatiallyLoaded:1 Bounds:IsValid=true, Min=(X=1268.000 Y=64.000 Z=-32.000), Max=(X=1332.000 Y=1136.000 Z=32.000) RuntimeGrid:None EditorOnly:0 RuntimeOnly:0 HLODRelevant:0
 |   |   |   |- Guid:D0ADB6254B3244BFCC9DE5A0591EA533 BaseClass:/Game/BlueprintActors/CameraManager/BP_Camera.BP_Camera_C NativeClass:/Script/Engine.CameraActor Name:BP_Camera_C_UAID_84144DF76A10F06601_1359888112 Label:BP_Camera2 SpatiallyLoaded:1 Bounds:IsValid=true, Min=(X=1560.000 Y=1410.000 Z=330.000), Max=(X=1560.000 Y=1410.000 Z=330.000) RuntimeGrid:None EditorOnly:0 RuntimeOnly:0 HLODRelevant:0
 |   |   |   |- Guid:4303FFF244ECAFFEA2DAF3A0D73C9081 BaseClass:/Game/BlueprintActors/CameraManager/BP_Camera.BP_Camera_C NativeClass:/Script/Engine.CameraActor Name:BP_Camera_C_UAID_84144DF76A10EB6601_1653797232 Label:BP_Camera SpatiallyLoaded:1 Bounds:IsValid=true, Min=(X=680.000 Y=1410.000 Z=370.000), Max=(X=680.000 Y=1410.000 Z=370.000) RuntimeGrid:None EditorOnly:0 RuntimeOnly:0 HLODRelevant:0
 |   |   |- [+] [ 26]
 |   |   |   |- Guid:F5E3FEB3450C49844FD93DA8E083C8AD BaseClass: NativeClass:/Script/Engine.PostProcessVolume Name:PostProcessVolume_0 Label:PostProcessVolume SpatiallyLoaded:0 Bounds:IsValid=true, Min=(X=0.000 Y=0.000 Z=400.000), Max=(X=200.000 Y=200.000 Z=600.000) RuntimeGrid:None EditorOnly:0 RuntimeOnly:0 HLODRelevant:0 FolderPath:Lighting FolderGuid:963EC3EB4002CCE9759E2EBA541A873A
 |   |   |- [+] [ 27]
 |   |   |   |- Guid:5B97F4A64FB21F77EFC44386BF705B4C BaseClass: NativeClass:/Script/Engine.TextRenderActor Name:TextRenderActor_1 Label:TextRenderActor SpatiallyLoaded:1 Bounds:IsValid=true, Min=(X=-0.100 Y=1100.000 Z=65.013), Max=(X=-0.100 Y=2392.308 Z=215.013) RuntimeGrid:None EditorOnly:0 RuntimeOnly:0 HLODRelevant:0
 |   |   |- [+] [ 28]
 |   |   |   |- Guid:89DBF88C4413576B5A5E60BF0F326A9D BaseClass:/Game/BlueprintActors/CameraManager/CameraChilds/BP_InteractibleZone.BP_InteractibleZone_C NativeClass:/Script/Engine.Actor Name:BP_InteractibleZone_C_UAID_84144DF76A10726701_1806766995 Label:BP_InteractibleZone2 SpatiallyLoaded:1 Bounds:IsValid=true, Min=(X=829.000 Y=94.000 Z=-66.000), Max=(X=1101.000 Y=366.000 Z=206.000) RuntimeGrid:None EditorOnly:0 RuntimeOnly:0 HLODRelevant:0
 |   |   |   |- Guid:F3A442324E8870F0800DD8B87541B522 BaseClass:/Game/BlueprintActors/CameraManager/CameraChilds/BP_CameraInspection.BP_CameraInspection_C NativeClass:/Script/Engine.Pawn Name:BP_CameraInspection_C_UAID_84144DF76A10B76701_1992460136 Label:BP_CameraInspection2 SpatiallyLoaded:1 Bounds:IsValid=true, Min=(X=925.798 Y=332.755 Z=172.668), Max=(X=925.798 Y=332.755 Z=172.668) RuntimeGrid:None EditorOnly:0 RuntimeOnly:0 HLODRelevant:0
 |- ContainerInstances:
 |- [+] MainContainer:
 |   |-        ID: 0x0000000000000000
 |   |-    Bounds: IsValid=false, Min=(X=0.000 Y=0.000 Z=0.000), Max=(X=0.000 Y=0.000 Z=0.000)
 |   |- Transform: 0.000000,0.000000,0.000000|0.000000,0.000000,-0.000000|1.000000,1.000000,1.000000
 |   |- Container: /Game/ThirdPerson/Maps/ThirdPersonMap
----------------------------------------------------------------------------------------------------------------
ThirdPersonMap - Persistent Level
----------------------------------------------------------------------------------------------------------------
Always loaded Actor Count: 50 

----------------------------------------------------------------------------------------------------------------
ThirdPersonMap - Runtime Spatial Hash - Streaming Grid - MainGrid
----------------------------------------------------------------------------------------------------------------
            Origin: X=0.000 Y=0.000 Z=0.000
         Cell Size: 12800
      World Bounds: IsValid=false, Min=(X=0.000 Y=0.000 Z=0.000), Max=(X=0.000 Y=0.000 Z=0.000)
     Loading Range: 25600.00
Block Slow Loading: No
 ClientOnlyVisible: No

[+] Grid Levels: 1
 |- Level  0: Cell Count    0 | Cell Size   12800 | Actor Count    0 (0.0%)

[+] Content of Grid Level 0

